PENDING start: Fri Feb 24 2023 07:47:00 GMT-0300 (Horário Padrão de Brasília)
PENDING end: Fri Feb 24 2023 07:47:00 GMT-0300 (Horário Padrão de Brasília) - count: 0
PENDING start: Fri Feb 24 2023 07:48:00 GMT-0300 (Horário Padrão de Brasília)
PENDING end: Fri Feb 24 2023 07:48:00 GMT-0300 (Horário Padrão de Brasília) - count: 0
PENDING start: Fri Feb 24 2023 07:49:00 GMT-0300 (Horário Padrão de Brasília)
PENDING end: Fri Feb 24 2023 07:49:00 GMT-0300 (Horário Padrão de Brasília) - count: 0
Fri Feb 24 2023 07:49:01 GMT-0300 (Horário Padrão de Brasília) - WS: connection ID:a94c7066-e8d7-4410-ac5d-e9cd02337613
Fri Feb 24 2023 07:49:42 GMT-0300 (Horário Padrão de Brasília) - WS: connection ID:ed0df304-7efb-4e70-a38f-c682e4a2eb9c
Fri Feb 24 2023 07:49:49 GMT-0300 (Horário Padrão de Brasília) - WS: connection ID:0683b68b-9e47-4c4d-aa06-ab6d82e13041
Fri Feb 24 2023 07:49:52 GMT-0300 (Horário Padrão de Brasília) - WS: connection ID:e6576bfc-b7b7-4ca1-be0b-c78dbb106dde
Fri Feb 24 2023 07:49:59 GMT-0300 (Horário Padrão de Brasília) - WS: connection ID:3f1a479b-942f-4f54-80ff-29c4190a50fc
PENDING start: Fri Feb 24 2023 07:50:00 GMT-0300 (Horário Padrão de Brasília)
PENDING end: Fri Feb 24 2023 07:50:00 GMT-0300 (Horário Padrão de Brasília) - count: 0
Fri Feb 24 2023 07:50:16 GMT-0300 (Horário Padrão de Brasília) - WS: connection ID:8c76fd9b-5298-4664-b82f-42a66166f07c
Fri Feb 24 2023 07:50:16 GMT-0300 (Horário Padrão de Brasília) - WS: message ID:8c76fd9b-5298-4664-b82f-42a66166f07c - MESSAGE: dsadsad
Fri Feb 24 2023 07:50:18 GMT-0300 (Horário Padrão de Brasília) - WS: connection ID:d08aa3d3-3504-4224-91cd-a711d02790a6
Fri Feb 24 2023 07:50:18 GMT-0300 (Horário Padrão de Brasília) - WS: message ID:d08aa3d3-3504-4224-91cd-a711d02790a6 - MESSAGE: dsadsad
PENDING start: Fri Feb 24 2023 07:51:00 GMT-0300 (Horário Padrão de Brasília)
PENDING end: Fri Feb 24 2023 07:51:00 GMT-0300 (Horário Padrão de Brasília) - count: 0
Fri Feb 24 2023 07:51:08 GMT-0300 (Horário Padrão de Brasília) - WS: connection ID:d5a5eb27-2b1f-4d14-b1f5-663f761b4cb1
Fri Feb 24 2023 07:51:08 GMT-0300 (Horário Padrão de Brasília) - WS: message ID:d5a5eb27-2b1f-4d14-b1f5-663f761b4cb1 - MESSAGE: dsadsad
Fri Feb 24 2023 07:51:24 GMT-0300 (Horário Padrão de Brasília) - WS: connection ID:194238d7-4628-4c60-a7ce-e1a35ed8ef41
Fri Feb 24 2023 07:51:24 GMT-0300 (Horário Padrão de Brasília) - WS: message ID:194238d7-4628-4c60-a7ce-e1a35ed8ef41 - MESSAGE: dsadsad
PENDING start: Fri Feb 24 2023 07:52:00 GMT-0300 (Horário Padrão de Brasília)
PENDING end: Fri Feb 24 2023 07:52:00 GMT-0300 (Horário Padrão de Brasília) - count: 0
PENDING start: Fri Feb 24 2023 07:53:00 GMT-0300 (Horário Padrão de Brasília)
PENDING end: Fri Feb 24 2023 07:53:00 GMT-0300 (Horário Padrão de Brasília) - count: 0
Fri Feb 24 2023 07:53:33 GMT-0300 (Horário Padrão de Brasília) - WS: connection ID:df8467b6-e63f-45f9-8173-ea0f9971a203
Fri Feb 24 2023 07:53:33 GMT-0300 (Horário Padrão de Brasília) - WS: message ID:df8467b6-e63f-45f9-8173-ea0f9971a203 - MESSAGE: dsadsad
Fri Feb 24 2023 07:53:48 GMT-0300 (Horário Padrão de Brasília) - WS: connection ID:866fb4bc-67fa-4e78-9e3e-a55b666074e2
Fri Feb 24 2023 07:53:48 GMT-0300 (Horário Padrão de Brasília) - WS: message ID:866fb4bc-67fa-4e78-9e3e-a55b666074e2 - MESSAGE: dsadsad
PENDING start: Fri Feb 24 2023 07:54:00 GMT-0300 (Horário Padrão de Brasília)
PENDING end: Fri Feb 24 2023 07:54:00 GMT-0300 (Horário Padrão de Brasília) - count: 0
PENDING start: Fri Feb 24 2023 07:55:00 GMT-0300 (Horário Padrão de Brasília)
PENDING end: Fri Feb 24 2023 07:55:00 GMT-0300 (Horário Padrão de Brasília) - count: 0
PENDING start: Fri Feb 24 2023 07:56:00 GMT-0300 (Horário Padrão de Brasília)
PENDING end: Fri Feb 24 2023 07:56:00 GMT-0300 (Horário Padrão de Brasília) - count: 0
PENDING start: Fri Feb 24 2023 07:57:00 GMT-0300 (Horário Padrão de Brasília)
PENDING end: Fri Feb 24 2023 07:57:00 GMT-0300 (Horário Padrão de Brasília) - count: 0
PENDING start: Fri Feb 24 2023 07:59:00 GMT-0300 (Horário Padrão de Brasília)
PENDING end: Fri Feb 24 2023 07:59:00 GMT-0300 (Horário Padrão de Brasília) - count: 0
PENDING start: Fri Feb 24 2023 08:00:00 GMT-0300 (Horário Padrão de Brasília)
FAILED start: Fri Feb 24 2023 08:00:00 GMT-0300 (Horário Padrão de Brasília)
PENDING end: Fri Feb 24 2023 08:00:00 GMT-0300 (Horário Padrão de Brasília) - count: 0
FAILED end: Fri Feb 24 2023 08:00:00 GMT-0300 (Horário Padrão de Brasília) - count: 0
PENDING start: Fri Feb 24 2023 08:01:00 GMT-0300 (Horário Padrão de Brasília)
PENDING end: Fri Feb 24 2023 08:01:00 GMT-0300 (Horário Padrão de Brasília) - count: 0
PENDING start: Fri Feb 24 2023 08:02:00 GMT-0300 (Horário Padrão de Brasília)
PENDING end: Fri Feb 24 2023 08:02:00 GMT-0300 (Horário Padrão de Brasília) - count: 0
PENDING start: Fri Feb 24 2023 08:03:00 GMT-0300 (Horário Padrão de Brasília)
PENDING end: Fri Feb 24 2023 08:03:00 GMT-0300 (Horário Padrão de Brasília) - count: 0
PENDING start: Fri Feb 24 2023 08:04:00 GMT-0300 (Horário Padrão de Brasília)
PENDING end: Fri Feb 24 2023 08:04:00 GMT-0300 (Horário Padrão de Brasília) - count: 0
PENDING start: Fri Feb 24 2023 08:05:00 GMT-0300 (Horário Padrão de Brasília)
PENDING end: Fri Feb 24 2023 08:05:00 GMT-0300 (Horário Padrão de Brasília) - count: 0
PENDING start: Fri Feb 24 2023 08:06:00 GMT-0300 (Horário Padrão de Brasília)
PENDING end: Fri Feb 24 2023 08:06:00 GMT-0300 (Horário Padrão de Brasília) - count: 0
PENDING start: Fri Feb 24 2023 08:07:00 GMT-0300 (Horário Padrão de Brasília)
PENDING end: Fri Feb 24 2023 08:07:00 GMT-0300 (Horário Padrão de Brasília) - count: 0
PENDING start: Fri Feb 24 2023 08:08:00 GMT-0300 (Horário Padrão de Brasília)
PENDING end: Fri Feb 24 2023 08:08:00 GMT-0300 (Horário Padrão de Brasília) - count: 0
PENDING start: Fri Feb 24 2023 08:09:00 GMT-0300 (Horário Padrão de Brasília)
PENDING end: Fri Feb 24 2023 08:09:00 GMT-0300 (Horário Padrão de Brasília) - count: 0
PENDING start: Fri Feb 24 2023 08:10:00 GMT-0300 (Horário Padrão de Brasília)
PENDING end: Fri Feb 24 2023 08:10:00 GMT-0300 (Horário Padrão de Brasília) - count: 0
PENDING start: Fri Feb 24 2023 08:11:00 GMT-0300 (Horário Padrão de Brasília)
PENDING end: Fri Feb 24 2023 08:11:00 GMT-0300 (Horário Padrão de Brasília) - count: 0
PENDING start: Fri Feb 24 2023 08:12:00 GMT-0300 (Horário Padrão de Brasília)
PENDING end: Fri Feb 24 2023 08:12:00 GMT-0300 (Horário Padrão de Brasília) - count: 0
PENDING start: Fri Feb 24 2023 08:13:00 GMT-0300 (Horário Padrão de Brasília)
PENDING end: Fri Feb 24 2023 08:13:00 GMT-0300 (Horário Padrão de Brasília) - count: 0
PENDING start: Fri Feb 24 2023 08:14:00 GMT-0300 (Horário Padrão de Brasília)
PENDING end: Fri Feb 24 2023 08:14:00 GMT-0300 (Horário Padrão de Brasília) - count: 0
PENDING start: Fri Feb 24 2023 08:15:00 GMT-0300 (Horário Padrão de Brasília)
PENDING end: Fri Feb 24 2023 08:15:00 GMT-0300 (Horário Padrão de Brasília) - count: 0
PENDING start: Fri Feb 24 2023 08:16:00 GMT-0300 (Horário Padrão de Brasília)
PENDING end: Fri Feb 24 2023 08:16:00 GMT-0300 (Horário Padrão de Brasília) - count: 0
PENDING start: Fri Feb 24 2023 08:17:00 GMT-0300 (Horário Padrão de Brasília)
PENDING end: Fri Feb 24 2023 08:17:00 GMT-0300 (Horário Padrão de Brasília) - count: 0
