PENDING start: Fri Jan 27 2023 08:20:00 GMT-0300 (Horário Padrão de Brasília)
PENDING end: Fri Jan 27 2023 08:20:00 GMT-0300 (Horário Padrão de Brasília) - count: 2
PENDING start: Fri Jan 27 2023 08:21:00 GMT-0300 (Horário Padrão de Brasília)
PENDING end: Fri Jan 27 2023 08:21:00 GMT-0300 (Horário Padrão de Brasília) - count: 0
PENDING start: Fri Jan 27 2023 08:22:00 GMT-0300 (Horário Padrão de Brasília)
PENDING end: Fri Jan 27 2023 08:22:00 GMT-0300 (Horário Padrão de Brasília) - count: 0
PENDING start: Fri Jan 27 2023 08:23:00 GMT-0300 (Horário Padrão de Brasília)
PENDING end: Fri Jan 27 2023 08:23:00 GMT-0300 (Horário Padrão de Brasília) - count: 0
PENDING start: Fri Jan 27 2023 08:24:00 GMT-0300 (Horário Padrão de Brasília)
PENDING end: Fri Jan 27 2023 08:24:00 GMT-0300 (Horário Padrão de Brasília) - count: 0
PENDING start: Fri Jan 27 2023 08:25:00 GMT-0300 (Horário Padrão de Brasília)
PENDING end: Fri Jan 27 2023 08:25:00 GMT-0300 (Horário Padrão de Brasília) - count: 0
PENDING start: Fri Jan 27 2023 08:26:00 GMT-0300 (Horário Padrão de Brasília)
PENDING end: Fri Jan 27 2023 08:26:00 GMT-0300 (Horário Padrão de Brasília) - count: 0
PENDING start: Fri Jan 27 2023 08:27:00 GMT-0300 (Horário Padrão de Brasília)
PENDING end: Fri Jan 27 2023 08:27:00 GMT-0300 (Horário Padrão de Brasília) - count: 0
PENDING start: Fri Jan 27 2023 08:37:00 GMT-0300 (Horário Padrão de Brasília)
PENDING end: Fri Jan 27 2023 08:37:00 GMT-0300 (Horário Padrão de Brasília) - count: 0
Fri Jan 27 2023 08:37:03 GMT-0300 (Horário Padrão de Brasília) - WS: connection ID:bd0a5f06-eb2f-46cf-80ca-47527414b122
Fri Jan 27 2023 08:37:04 GMT-0300 (Horário Padrão de Brasília) - WS: message ID:bd0a5f06-eb2f-46cf-80ca-47527414b122 - MESSAGE: to=dev@sysprocard.com.br;template=aprovado;subject=Assunto WS
PENDING start: Fri Jan 27 2023 08:38:00 GMT-0300 (Horário Padrão de Brasília)
PENDING end: Fri Jan 27 2023 08:38:00 GMT-0300 (Horário Padrão de Brasília) - count: 1
PENDING start: Fri Jan 27 2023 08:39:00 GMT-0300 (Horário Padrão de Brasília)
PENDING end: Fri Jan 27 2023 08:39:00 GMT-0300 (Horário Padrão de Brasília) - count: 0
PENDING start: Fri Jan 27 2023 08:40:00 GMT-0300 (Horário Padrão de Brasília)
PENDING end: Fri Jan 27 2023 08:40:00 GMT-0300 (Horário Padrão de Brasília) - count: 0
PENDING start: Fri Jan 27 2023 08:41:00 GMT-0300 (Horário Padrão de Brasília)
PENDING end: Fri Jan 27 2023 08:41:00 GMT-0300 (Horário Padrão de Brasília) - count: 2
PENDING start: Fri Jan 27 2023 08:42:00 GMT-0300 (Horário Padrão de Brasília)
PENDING end: Fri Jan 27 2023 08:42:00 GMT-0300 (Horário Padrão de Brasília) - count: 0
PENDING start: Fri Jan 27 2023 08:43:00 GMT-0300 (Horário Padrão de Brasília)
PENDING end: Fri Jan 27 2023 08:43:00 GMT-0300 (Horário Padrão de Brasília) - count: 0
PENDING start: Fri Jan 27 2023 08:44:00 GMT-0300 (Horário Padrão de Brasília)
PENDING end: Fri Jan 27 2023 08:44:00 GMT-0300 (Horário Padrão de Brasília) - count: 1
PENDING start: Fri Jan 27 2023 08:45:00 GMT-0300 (Horário Padrão de Brasília)
PENDING end: Fri Jan 27 2023 08:45:00 GMT-0300 (Horário Padrão de Brasília) - count: 0
PENDING start: Fri Jan 27 2023 08:46:00 GMT-0300 (Horário Padrão de Brasília)
PENDING end: Fri Jan 27 2023 08:46:00 GMT-0300 (Horário Padrão de Brasília) - count: 0
PENDING start: Fri Jan 27 2023 08:47:00 GMT-0300 (Horário Padrão de Brasília)
PENDING end: Fri Jan 27 2023 08:47:00 GMT-0300 (Horário Padrão de Brasília) - count: 0
PENDING start: Fri Jan 27 2023 08:48:00 GMT-0300 (Horário Padrão de Brasília)
PENDING end: Fri Jan 27 2023 08:48:00 GMT-0300 (Horário Padrão de Brasília) - count: 1
PENDING start: Fri Jan 27 2023 08:49:00 GMT-0300 (Horário Padrão de Brasília)
PENDING end: Fri Jan 27 2023 08:49:00 GMT-0300 (Horário Padrão de Brasília) - count: 0
PENDING start: Fri Jan 27 2023 08:50:00 GMT-0300 (Horário Padrão de Brasília)
PENDING end: Fri Jan 27 2023 08:50:00 GMT-0300 (Horário Padrão de Brasília) - count: 0
PENDING start: Fri Jan 27 2023 08:51:00 GMT-0300 (Horário Padrão de Brasília)
PENDING end: Fri Jan 27 2023 08:51:00 GMT-0300 (Horário Padrão de Brasília) - count: 0
PENDING start: Fri Jan 27 2023 08:52:00 GMT-0300 (Horário Padrão de Brasília)
PENDING end: Fri Jan 27 2023 08:52:00 GMT-0300 (Horário Padrão de Brasília) - count: 0
PENDING start: Fri Jan 27 2023 08:53:00 GMT-0300 (Horário Padrão de Brasília)
PENDING end: Fri Jan 27 2023 08:53:00 GMT-0300 (Horário Padrão de Brasília) - count: 0
PENDING start: Fri Jan 27 2023 08:54:00 GMT-0300 (Horário Padrão de Brasília)
PENDING end: Fri Jan 27 2023 08:54:00 GMT-0300 (Horário Padrão de Brasília) - count: 0
PENDING start: Fri Jan 27 2023 08:55:00 GMT-0300 (Horário Padrão de Brasília)
PENDING end: Fri Jan 27 2023 08:55:00 GMT-0300 (Horário Padrão de Brasília) - count: 0
PENDING start: Fri Jan 27 2023 08:56:00 GMT-0300 (Horário Padrão de Brasília)
PENDING end: Fri Jan 27 2023 08:56:00 GMT-0300 (Horário Padrão de Brasília) - count: 0
PENDING start: Fri Jan 27 2023 08:57:00 GMT-0300 (Horário Padrão de Brasília)
PENDING end: Fri Jan 27 2023 08:57:00 GMT-0300 (Horário Padrão de Brasília) - count: 0
PENDING start: Fri Jan 27 2023 08:58:00 GMT-0300 (Horário Padrão de Brasília)
PENDING end: Fri Jan 27 2023 08:58:00 GMT-0300 (Horário Padrão de Brasília) - count: 0
PENDING start: Fri Jan 27 2023 08:59:00 GMT-0300 (Horário Padrão de Brasília)
PENDING end: Fri Jan 27 2023 08:59:00 GMT-0300 (Horário Padrão de Brasília) - count: 0
PENDING start: Fri Jan 27 2023 09:00:00 GMT-0300 (Horário Padrão de Brasília)
FAILED start: Fri Jan 27 2023 09:00:00 GMT-0300 (Horário Padrão de Brasília)
PENDING end: Fri Jan 27 2023 09:00:00 GMT-0300 (Horário Padrão de Brasília) - count: 0
FAILED end: Fri Jan 27 2023 09:00:00 GMT-0300 (Horário Padrão de Brasília) - count: 0
PENDING start: Fri Jan 27 2023 09:01:00 GMT-0300 (Horário Padrão de Brasília)
PENDING end: Fri Jan 27 2023 09:01:00 GMT-0300 (Horário Padrão de Brasília) - count: 0
PENDING start: Fri Jan 27 2023 09:02:00 GMT-0300 (Horário Padrão de Brasília)
PENDING end: Fri Jan 27 2023 09:02:00 GMT-0300 (Horário Padrão de Brasília) - count: 0
PENDING start: Fri Jan 27 2023 09:04:00 GMT-0300 (Horário Padrão de Brasília)
PENDING end: Fri Jan 27 2023 09:04:00 GMT-0300 (Horário Padrão de Brasília) - count: 1
PENDING start: Fri Jan 27 2023 09:05:00 GMT-0300 (Horário Padrão de Brasília)
PENDING end: Fri Jan 27 2023 09:05:00 GMT-0300 (Horário Padrão de Brasília) - count: 0
PENDING start: Fri Jan 27 2023 09:06:00 GMT-0300 (Horário Padrão de Brasília)
PENDING end: Fri Jan 27 2023 09:06:00 GMT-0300 (Horário Padrão de Brasília) - count: 1
PENDING start: Fri Jan 27 2023 09:07:00 GMT-0300 (Horário Padrão de Brasília)
PENDING end: Fri Jan 27 2023 09:07:00 GMT-0300 (Horário Padrão de Brasília) - count: 0
PENDING start: Fri Jan 27 2023 09:08:00 GMT-0300 (Horário Padrão de Brasília)
PENDING end: Fri Jan 27 2023 09:08:00 GMT-0300 (Horário Padrão de Brasília) - count: 1
PENDING start: Fri Jan 27 2023 09:09:00 GMT-0300 (Horário Padrão de Brasília)
PENDING end: Fri Jan 27 2023 09:09:00 GMT-0300 (Horário Padrão de Brasília) - count: 0
PENDING start: Fri Jan 27 2023 09:10:00 GMT-0300 (Horário Padrão de Brasília)
PENDING end: Fri Jan 27 2023 09:10:00 GMT-0300 (Horário Padrão de Brasília) - count: 0
PENDING start: Fri Jan 27 2023 09:11:00 GMT-0300 (Horário Padrão de Brasília)
PENDING end: Fri Jan 27 2023 09:11:00 GMT-0300 (Horário Padrão de Brasília) - count: 0
PENDING start: Fri Jan 27 2023 09:12:00 GMT-0300 (Horário Padrão de Brasília)
PENDING end: Fri Jan 27 2023 09:12:00 GMT-0300 (Horário Padrão de Brasília) - count: 1
PENDING start: Fri Jan 27 2023 09:13:00 GMT-0300 (Horário Padrão de Brasília)
PENDING end: Fri Jan 27 2023 09:13:00 GMT-0300 (Horário Padrão de Brasília) - count: 1
PENDING start: Fri Jan 27 2023 09:14:00 GMT-0300 (Horário Padrão de Brasília)
PENDING end: Fri Jan 27 2023 09:14:00 GMT-0300 (Horário Padrão de Brasília) - count: 0
PENDING start: Fri Jan 27 2023 09:15:00 GMT-0300 (Horário Padrão de Brasília)
PENDING end: Fri Jan 27 2023 09:15:00 GMT-0300 (Horário Padrão de Brasília) - count: 1
PENDING start: Fri Jan 27 2023 09:16:00 GMT-0300 (Horário Padrão de Brasília)
PENDING end: Fri Jan 27 2023 09:16:00 GMT-0300 (Horário Padrão de Brasília) - count: 0
PENDING start: Fri Jan 27 2023 09:17:00 GMT-0300 (Horário Padrão de Brasília)
PENDING end: Fri Jan 27 2023 09:17:00 GMT-0300 (Horário Padrão de Brasília) - count: 0
PENDING start: Fri Jan 27 2023 09:18:00 GMT-0300 (Horário Padrão de Brasília)
PENDING end: Fri Jan 27 2023 09:18:00 GMT-0300 (Horário Padrão de Brasília) - count: 0
PENDING start: Fri Jan 27 2023 09:19:00 GMT-0300 (Horário Padrão de Brasília)
PENDING end: Fri Jan 27 2023 09:19:00 GMT-0300 (Horário Padrão de Brasília) - count: 1
PENDING start: Fri Jan 27 2023 09:20:00 GMT-0300 (Horário Padrão de Brasília)
PENDING end: Fri Jan 27 2023 09:20:00 GMT-0300 (Horário Padrão de Brasília) - count: 0
PENDING start: Fri Jan 27 2023 09:21:00 GMT-0300 (Horário Padrão de Brasília)
PENDING end: Fri Jan 27 2023 09:21:00 GMT-0300 (Horário Padrão de Brasília) - count: 0
Fri Jan 27 2023 09:21:38 GMT-0300 (Horário Padrão de Brasília) - WS: connection ID:6a6491c4-ad7b-46f8-aa8b-71ba5b7a4aa0
Fri Jan 27 2023 09:21:39 GMT-0300 (Horário Padrão de Brasília) - WS: message ID:6a6491c4-ad7b-46f8-aa8b-71ba5b7a4aa0 - MESSAGE: to=viniciusmelo241@gmail.com;template=senha;subject=TESTE PARAMS WS;cc=dev@sysprocard.com.br;cco=projetos@sysprocard.com.br;params="{\"Nome\":\"Nome\",\"Senha\":\"dsdsadsafds\"}"
PENDING start: Fri Jan 27 2023 09:22:00 GMT-0300 (Horário Padrão de Brasília)
PENDING end: Fri Jan 27 2023 09:22:00 GMT-0300 (Horário Padrão de Brasília) - count: 0
Fri Jan 27 2023 09:22:35 GMT-0300 (Horário Padrão de Brasília) - WS: connection ID:ae5d50af-fd3e-44a7-b5ef-1f6a2c5dc518
Fri Jan 27 2023 09:22:36 GMT-0300 (Horário Padrão de Brasília) - WS: message ID:ae5d50af-fd3e-44a7-b5ef-1f6a2c5dc518 - MESSAGE: to=viniciusmelo241@gmail.com;template=senha;subject=TESTE PARAMS WS;cc=dev@sysprocard.com.br;cco=projetos@sysprocard.com.br;params="{\"Nome\":\"Nome\",\"Senha\":\"dsdsadsafds\"}"
PENDING start: Fri Jan 27 2023 09:23:00 GMT-0300 (Horário Padrão de Brasília)
PENDING end: Fri Jan 27 2023 09:23:00 GMT-0300 (Horário Padrão de Brasília) - count: 0
Fri Jan 27 2023 09:23:04 GMT-0300 (Horário Padrão de Brasília) - WS: message ID:ae5d50af-fd3e-44a7-b5ef-1f6a2c5dc518 - MESSAGE: to=viniciusmelo241@gmail.com;template=senha;subject=TESTE PARAMS WS;cc=dev@sysprocard.com.br;cco=projetos@sysprocard.com.br;params="{"Nome":"Nome","Senha":"dsdsadsafds"}"
Fri Jan 27 2023 09:23:41 GMT-0300 (Horário Padrão de Brasília) - WS: message ID:ae5d50af-fd3e-44a7-b5ef-1f6a2c5dc518 - MESSAGE: to=viniciusmelo241@gmail.com;template=senha;subject=TESTE PARAMS WS;cc=[dev@sysprocard.com.br];cco=[projetos@sysprocard.com.br];params="{"Nome":"Nome","Senha":"dsdsadsafds"}"
PENDING start: Fri Jan 27 2023 09:24:00 GMT-0300 (Horário Padrão de Brasília)
PENDING end: Fri Jan 27 2023 09:24:00 GMT-0300 (Horário Padrão de Brasília) - count: 0
PENDING start: Fri Jan 27 2023 09:25:00 GMT-0300 (Horário Padrão de Brasília)
PENDING end: Fri Jan 27 2023 09:25:00 GMT-0300 (Horário Padrão de Brasília) - count: 0
PENDING start: Fri Jan 27 2023 09:26:00 GMT-0300 (Horário Padrão de Brasília)
PENDING end: Fri Jan 27 2023 09:26:00 GMT-0300 (Horário Padrão de Brasília) - count: 0
Fri Jan 27 2023 09:26:42 GMT-0300 (Horário Padrão de Brasília) - WS: connection ID:16c0b043-dd1a-479e-8fef-805a47cf87ff
Fri Jan 27 2023 09:26:43 GMT-0300 (Horário Padrão de Brasília) - WS: message ID:16c0b043-dd1a-479e-8fef-805a47cf87ff - MESSAGE: to=viniciusmelo241@gmail.com;template=senha;subject=TESTE PARAMS WS;cc=dev@sysprocard.com.br,projetos@sysprocard.com.br;params="{"Nome":"Nome","Senha":"dsdsadsafds"}"
PENDING start: Fri Jan 27 2023 09:27:00 GMT-0300 (Horário Padrão de Brasília)
PENDING end: Fri Jan 27 2023 09:27:00 GMT-0300 (Horário Padrão de Brasília) - count: 1
Fri Jan 27 2023 09:27:02 GMT-0300 (Horário Padrão de Brasília) - WS: message ID:16c0b043-dd1a-479e-8fef-805a47cf87ff - MESSAGE: to=viniciusmelo241@gmail.com;template=senha;subject=TESTE PARAMS WS;cc=dev@sysprocard.com.br,projetos@sysprocard.com.br;params={"Nome":"Nome","Senha":"dsdsadsafds"}
PENDING start: Fri Jan 27 2023 09:28:00 GMT-0300 (Horário Padrão de Brasília)
PENDING end: Fri Jan 27 2023 09:28:00 GMT-0300 (Horário Padrão de Brasília) - count: 1
PENDING start: Fri Jan 27 2023 09:29:00 GMT-0300 (Horário Padrão de Brasília)
PENDING end: Fri Jan 27 2023 09:29:00 GMT-0300 (Horário Padrão de Brasília) - count: 0
Fri Jan 27 2023 09:29:18 GMT-0300 (Horário Padrão de Brasília) - WS: message ID:16c0b043-dd1a-479e-8fef-805a47cf87ff - MESSAGE: to=viniciusmelo241@gmail.com;template=senha;subject=TESTE PARAMS WS;cc=dev@sysprocard.com.br;cco=projetos@sysprocard.com.br;params={"Nome":"Nome","Senha":"dsdsadsafds"}
PENDING start: Fri Jan 27 2023 09:30:00 GMT-0300 (Horário Padrão de Brasília)
FAILED start: Fri Jan 27 2023 09:30:00 GMT-0300 (Horário Padrão de Brasília)
PENDING end: Fri Jan 27 2023 09:30:00 GMT-0300 (Horário Padrão de Brasília) - count: 1
FAILED end: Fri Jan 27 2023 09:30:00 GMT-0300 (Horário Padrão de Brasília) - count: 0
PENDING start: Fri Jan 27 2023 09:31:00 GMT-0300 (Horário Padrão de Brasília)
PENDING end: Fri Jan 27 2023 09:31:00 GMT-0300 (Horário Padrão de Brasília) - count: 0
PENDING start: Fri Jan 27 2023 09:32:00 GMT-0300 (Horário Padrão de Brasília)
PENDING end: Fri Jan 27 2023 09:32:00 GMT-0300 (Horário Padrão de Brasília) - count: 0
PENDING start: Fri Jan 27 2023 09:33:00 GMT-0300 (Horário Padrão de Brasília)
PENDING end: Fri Jan 27 2023 09:33:00 GMT-0300 (Horário Padrão de Brasília) - count: 0
PENDING start: Fri Jan 27 2023 09:34:00 GMT-0300 (Horário Padrão de Brasília)
PENDING end: Fri Jan 27 2023 09:34:00 GMT-0300 (Horário Padrão de Brasília) - count: 0
PENDING start: Fri Jan 27 2023 09:35:00 GMT-0300 (Horário Padrão de Brasília)
PENDING end: Fri Jan 27 2023 09:35:00 GMT-0300 (Horário Padrão de Brasília) - count: 0
PENDING start: Fri Jan 27 2023 09:36:00 GMT-0300 (Horário Padrão de Brasília)
PENDING end: Fri Jan 27 2023 09:36:00 GMT-0300 (Horário Padrão de Brasília) - count: 0
PENDING start: Fri Jan 27 2023 09:37:00 GMT-0300 (Horário Padrão de Brasília)
PENDING end: Fri Jan 27 2023 09:37:00 GMT-0300 (Horário Padrão de Brasília) - count: 0
PENDING start: Fri Jan 27 2023 09:38:00 GMT-0300 (Horário Padrão de Brasília)
PENDING end: Fri Jan 27 2023 09:38:00 GMT-0300 (Horário Padrão de Brasília) - count: 0
PENDING start: Fri Jan 27 2023 09:39:00 GMT-0300 (Horário Padrão de Brasília)
PENDING end: Fri Jan 27 2023 09:39:00 GMT-0300 (Horário Padrão de Brasília) - count: 0
PENDING start: Fri Jan 27 2023 09:40:00 GMT-0300 (Horário Padrão de Brasília)
PENDING end: Fri Jan 27 2023 09:40:00 GMT-0300 (Horário Padrão de Brasília) - count: 0
PENDING start: Fri Jan 27 2023 09:41:00 GMT-0300 (Horário Padrão de Brasília)
PENDING end: Fri Jan 27 2023 09:41:00 GMT-0300 (Horário Padrão de Brasília) - count: 0
PENDING start: Fri Jan 27 2023 09:42:00 GMT-0300 (Horário Padrão de Brasília)
PENDING end: Fri Jan 27 2023 09:42:00 GMT-0300 (Horário Padrão de Brasília) - count: 0
PENDING start: Fri Jan 27 2023 09:43:00 GMT-0300 (Horário Padrão de Brasília)
PENDING end: Fri Jan 27 2023 09:43:00 GMT-0300 (Horário Padrão de Brasília) - count: 0
PENDING start: Fri Jan 27 2023 09:44:00 GMT-0300 (Horário Padrão de Brasília)
PENDING end: Fri Jan 27 2023 09:44:00 GMT-0300 (Horário Padrão de Brasília) - count: 0
PENDING start: Fri Jan 27 2023 09:45:00 GMT-0300 (Horário Padrão de Brasília)
PENDING end: Fri Jan 27 2023 09:45:00 GMT-0300 (Horário Padrão de Brasília) - count: 0
PENDING start: Fri Jan 27 2023 09:46:00 GMT-0300 (Horário Padrão de Brasília)
PENDING end: Fri Jan 27 2023 09:46:00 GMT-0300 (Horário Padrão de Brasília) - count: 0
PENDING start: Fri Jan 27 2023 09:47:00 GMT-0300 (Horário Padrão de Brasília)
PENDING end: Fri Jan 27 2023 09:47:00 GMT-0300 (Horário Padrão de Brasília) - count: 0
PENDING start: Fri Jan 27 2023 09:48:00 GMT-0300 (Horário Padrão de Brasília)
PENDING end: Fri Jan 27 2023 09:48:00 GMT-0300 (Horário Padrão de Brasília) - count: 0
PENDING start: Fri Jan 27 2023 09:49:00 GMT-0300 (Horário Padrão de Brasília)
PENDING end: Fri Jan 27 2023 09:49:00 GMT-0300 (Horário Padrão de Brasília) - count: 0
PENDING start: Fri Jan 27 2023 09:50:00 GMT-0300 (Horário Padrão de Brasília)
PENDING end: Fri Jan 27 2023 09:50:00 GMT-0300 (Horário Padrão de Brasília) - count: 0
PENDING start: Fri Jan 27 2023 09:51:00 GMT-0300 (Horário Padrão de Brasília)
PENDING end: Fri Jan 27 2023 09:51:00 GMT-0300 (Horário Padrão de Brasília) - count: 0
PENDING start: Fri Jan 27 2023 09:52:00 GMT-0300 (Horário Padrão de Brasília)
PENDING end: Fri Jan 27 2023 09:52:00 GMT-0300 (Horário Padrão de Brasília) - count: 0
PENDING start: Fri Jan 27 2023 09:53:00 GMT-0300 (Horário Padrão de Brasília)
PENDING end: Fri Jan 27 2023 09:53:00 GMT-0300 (Horário Padrão de Brasília) - count: 0
PENDING start: Fri Jan 27 2023 09:54:00 GMT-0300 (Horário Padrão de Brasília)
PENDING end: Fri Jan 27 2023 09:54:00 GMT-0300 (Horário Padrão de Brasília) - count: 0
PENDING start: Fri Jan 27 2023 09:55:00 GMT-0300 (Horário Padrão de Brasília)
PENDING end: Fri Jan 27 2023 09:55:00 GMT-0300 (Horário Padrão de Brasília) - count: 0
PENDING start: Fri Jan 27 2023 09:56:00 GMT-0300 (Horário Padrão de Brasília)
PENDING end: Fri Jan 27 2023 09:56:00 GMT-0300 (Horário Padrão de Brasília) - count: 0
PENDING start: Fri Jan 27 2023 09:57:00 GMT-0300 (Horário Padrão de Brasília)
PENDING end: Fri Jan 27 2023 09:57:00 GMT-0300 (Horário Padrão de Brasília) - count: 0
PENDING start: Fri Jan 27 2023 09:58:00 GMT-0300 (Horário Padrão de Brasília)
PENDING end: Fri Jan 27 2023 09:58:00 GMT-0300 (Horário Padrão de Brasília) - count: 0
