PENDING start: Fri Feb 10 2023 07:42:00 GMT-0300 (Horário Padrão de Brasília)
PENDING start: Fri Feb 10 2023 07:43:00 GMT-0300 (Horário Padrão de Brasília)
PENDING end: Fri Feb 10 2023 07:43:00 GMT-0300 (Horário Padrão de Brasília) - count: 0
PENDING start: Fri Feb 10 2023 07:44:00 GMT-0300 (Horário Padrão de Brasília)
PENDING end: Fri Feb 10 2023 07:44:00 GMT-0300 (Horário Padrão de Brasília) - count: 0
PENDING start: Fri Feb 10 2023 07:45:00 GMT-0300 (Horário Padrão de Brasília)
PENDING end: Fri Feb 10 2023 07:45:00 GMT-0300 (Horário Padrão de Brasília) - count: 0
PENDING start: Fri Feb 10 2023 07:46:00 GMT-0300 (Horário Padrão de Brasília)
PENDING end: Fri Feb 10 2023 07:46:00 GMT-0300 (Horário Padrão de Brasília) - count: 0
PENDING start: Fri Feb 10 2023 07:47:00 GMT-0300 (Horário Padrão de Brasília)
PENDING end: Fri Feb 10 2023 07:47:00 GMT-0300 (Horário Padrão de Brasília) - count: 0
PENDING start: Fri Feb 10 2023 07:48:00 GMT-0300 (Horário Padrão de Brasília)
PENDING end: Fri Feb 10 2023 07:48:00 GMT-0300 (Horário Padrão de Brasília) - count: 0
PENDING start: Fri Feb 10 2023 07:49:00 GMT-0300 (Horário Padrão de Brasília)
PENDING end: Fri Feb 10 2023 07:49:00 GMT-0300 (Horário Padrão de Brasília) - count: 0
PENDING start: Fri Feb 10 2023 07:50:00 GMT-0300 (Horário Padrão de Brasília)
PENDING end: Fri Feb 10 2023 07:50:00 GMT-0300 (Horário Padrão de Brasília) - count: 0
PENDING start: Fri Feb 10 2023 07:51:00 GMT-0300 (Horário Padrão de Brasília)
PENDING end: Fri Feb 10 2023 07:51:00 GMT-0300 (Horário Padrão de Brasília) - count: 0
PENDING start: Fri Feb 10 2023 07:52:00 GMT-0300 (Horário Padrão de Brasília)
PENDING end: Fri Feb 10 2023 07:52:00 GMT-0300 (Horário Padrão de Brasília) - count: 0
PENDING start: Fri Feb 10 2023 07:53:00 GMT-0300 (Horário Padrão de Brasília)
PENDING end: Fri Feb 10 2023 07:53:00 GMT-0300 (Horário Padrão de Brasília) - count: 0
PENDING start: Fri Feb 10 2023 07:54:00 GMT-0300 (Horário Padrão de Brasília)
PENDING end: Fri Feb 10 2023 07:54:00 GMT-0300 (Horário Padrão de Brasília) - count: 0
PENDING start: Fri Feb 10 2023 07:55:00 GMT-0300 (Horário Padrão de Brasília)
PENDING end: Fri Feb 10 2023 07:55:00 GMT-0300 (Horário Padrão de Brasília) - count: 0
PENDING start: Fri Feb 10 2023 07:56:00 GMT-0300 (Horário Padrão de Brasília)
PENDING end: Fri Feb 10 2023 07:56:00 GMT-0300 (Horário Padrão de Brasília) - count: 0
PENDING start: Fri Feb 10 2023 07:57:00 GMT-0300 (Horário Padrão de Brasília)
PENDING end: Fri Feb 10 2023 07:57:00 GMT-0300 (Horário Padrão de Brasília) - count: 0
PENDING start: Fri Feb 10 2023 07:58:00 GMT-0300 (Horário Padrão de Brasília)
PENDING end: Fri Feb 10 2023 07:58:00 GMT-0300 (Horário Padrão de Brasília) - count: 0
PENDING start: Fri Feb 10 2023 07:59:00 GMT-0300 (Horário Padrão de Brasília)
PENDING end: Fri Feb 10 2023 07:59:00 GMT-0300 (Horário Padrão de Brasília) - count: 0
PENDING start: Fri Feb 10 2023 08:00:00 GMT-0300 (Horário Padrão de Brasília)
FAILED start: Fri Feb 10 2023 08:00:00 GMT-0300 (Horário Padrão de Brasília)
PENDING end: Fri Feb 10 2023 08:00:00 GMT-0300 (Horário Padrão de Brasília) - count: 0
FAILED end: Fri Feb 10 2023 08:00:00 GMT-0300 (Horário Padrão de Brasília) - count: 0
PENDING start: Fri Feb 10 2023 08:01:00 GMT-0300 (Horário Padrão de Brasília)
PENDING end: Fri Feb 10 2023 08:01:00 GMT-0300 (Horário Padrão de Brasília) - count: 0
PENDING start: Fri Feb 10 2023 08:02:00 GMT-0300 (Horário Padrão de Brasília)
PENDING end: Fri Feb 10 2023 08:02:00 GMT-0300 (Horário Padrão de Brasília) - count: 0
PENDING start: Fri Feb 10 2023 08:03:00 GMT-0300 (Horário Padrão de Brasília)
PENDING end: Fri Feb 10 2023 08:03:00 GMT-0300 (Horário Padrão de Brasília) - count: 0
PENDING start: Fri Feb 10 2023 08:04:00 GMT-0300 (Horário Padrão de Brasília)
PENDING end: Fri Feb 10 2023 08:04:00 GMT-0300 (Horário Padrão de Brasília) - count: 0
PENDING start: Fri Feb 10 2023 08:05:00 GMT-0300 (Horário Padrão de Brasília)
PENDING end: Fri Feb 10 2023 08:05:00 GMT-0300 (Horário Padrão de Brasília) - count: 0
PENDING start: Fri Feb 10 2023 08:06:00 GMT-0300 (Horário Padrão de Brasília)
PENDING end: Fri Feb 10 2023 08:06:00 GMT-0300 (Horário Padrão de Brasília) - count: 0
PENDING start: Fri Feb 10 2023 08:07:00 GMT-0300 (Horário Padrão de Brasília)
PENDING end: Fri Feb 10 2023 08:07:00 GMT-0300 (Horário Padrão de Brasília) - count: 0
PENDING start: Fri Feb 10 2023 08:08:00 GMT-0300 (Horário Padrão de Brasília)
PENDING end: Fri Feb 10 2023 08:08:00 GMT-0300 (Horário Padrão de Brasília) - count: 0
PENDING start: Fri Feb 10 2023 08:09:00 GMT-0300 (Horário Padrão de Brasília)
PENDING end: Fri Feb 10 2023 08:09:00 GMT-0300 (Horário Padrão de Brasília) - count: 0
PENDING start: Fri Feb 10 2023 08:10:00 GMT-0300 (Horário Padrão de Brasília)
PENDING end: Fri Feb 10 2023 08:10:00 GMT-0300 (Horário Padrão de Brasília) - count: 0
PENDING start: Fri Feb 10 2023 08:11:00 GMT-0300 (Horário Padrão de Brasília)
PENDING end: Fri Feb 10 2023 08:11:00 GMT-0300 (Horário Padrão de Brasília) - count: 0
PENDING start: Fri Feb 10 2023 08:12:00 GMT-0300 (Horário Padrão de Brasília)
PENDING end: Fri Feb 10 2023 08:12:00 GMT-0300 (Horário Padrão de Brasília) - count: 0
PENDING start: Fri Feb 10 2023 08:13:00 GMT-0300 (Horário Padrão de Brasília)
PENDING end: Fri Feb 10 2023 08:13:00 GMT-0300 (Horário Padrão de Brasília) - count: 0
PENDING start: Fri Feb 10 2023 08:14:00 GMT-0300 (Horário Padrão de Brasília)
PENDING end: Fri Feb 10 2023 08:14:00 GMT-0300 (Horário Padrão de Brasília) - count: 0
PENDING start: Fri Feb 10 2023 08:15:00 GMT-0300 (Horário Padrão de Brasília)
PENDING end: Fri Feb 10 2023 08:15:00 GMT-0300 (Horário Padrão de Brasília) - count: 0
PENDING start: Fri Feb 10 2023 08:16:00 GMT-0300 (Horário Padrão de Brasília)
PENDING end: Fri Feb 10 2023 08:16:00 GMT-0300 (Horário Padrão de Brasília) - count: 0
PENDING start: Fri Feb 10 2023 08:17:00 GMT-0300 (Horário Padrão de Brasília)
PENDING end: Fri Feb 10 2023 08:17:00 GMT-0300 (Horário Padrão de Brasília) - count: 0
PENDING start: Fri Feb 10 2023 08:18:00 GMT-0300 (Horário Padrão de Brasília)
PENDING end: Fri Feb 10 2023 08:18:00 GMT-0300 (Horário Padrão de Brasília) - count: 0
PENDING start: Fri Feb 10 2023 08:19:00 GMT-0300 (Horário Padrão de Brasília)
PENDING end: Fri Feb 10 2023 08:19:00 GMT-0300 (Horário Padrão de Brasília) - count: 0
PENDING start: Fri Feb 10 2023 08:20:00 GMT-0300 (Horário Padrão de Brasília)
PENDING end: Fri Feb 10 2023 08:20:00 GMT-0300 (Horário Padrão de Brasília) - count: 0
PENDING start: Fri Feb 10 2023 08:21:00 GMT-0300 (Horário Padrão de Brasília)
PENDING end: Fri Feb 10 2023 08:21:00 GMT-0300 (Horário Padrão de Brasília) - count: 0
PENDING start: Fri Feb 10 2023 08:22:00 GMT-0300 (Horário Padrão de Brasília)
PENDING end: Fri Feb 10 2023 08:22:00 GMT-0300 (Horário Padrão de Brasília) - count: 0
PENDING start: Fri Feb 10 2023 08:23:00 GMT-0300 (Horário Padrão de Brasília)
PENDING end: Fri Feb 10 2023 08:23:00 GMT-0300 (Horário Padrão de Brasília) - count: 0
PENDING start: Fri Feb 10 2023 08:24:00 GMT-0300 (Horário Padrão de Brasília)
PENDING end: Fri Feb 10 2023 08:24:00 GMT-0300 (Horário Padrão de Brasília) - count: 0
PENDING start: Fri Feb 10 2023 08:25:00 GMT-0300 (Horário Padrão de Brasília)
PENDING end: Fri Feb 10 2023 08:25:00 GMT-0300 (Horário Padrão de Brasília) - count: 0
PENDING start: Fri Feb 10 2023 08:26:00 GMT-0300 (Horário Padrão de Brasília)
PENDING end: Fri Feb 10 2023 08:26:00 GMT-0300 (Horário Padrão de Brasília) - count: 0
PENDING start: Fri Feb 10 2023 08:27:00 GMT-0300 (Horário Padrão de Brasília)
PENDING end: Fri Feb 10 2023 08:27:00 GMT-0300 (Horário Padrão de Brasília) - count: 0
PENDING start: Fri Feb 10 2023 08:28:00 GMT-0300 (Horário Padrão de Brasília)
PENDING end: Fri Feb 10 2023 08:28:00 GMT-0300 (Horário Padrão de Brasília) - count: 0
PENDING start: Fri Feb 10 2023 08:29:00 GMT-0300 (Horário Padrão de Brasília)
PENDING end: Fri Feb 10 2023 08:29:00 GMT-0300 (Horário Padrão de Brasília) - count: 0
PENDING start: Fri Feb 10 2023 08:30:00 GMT-0300 (Horário Padrão de Brasília)
FAILED start: Fri Feb 10 2023 08:30:00 GMT-0300 (Horário Padrão de Brasília)
PENDING end: Fri Feb 10 2023 08:30:00 GMT-0300 (Horário Padrão de Brasília) - count: 0
FAILED end: Fri Feb 10 2023 08:30:00 GMT-0300 (Horário Padrão de Brasília) - count: 0
PENDING start: Fri Feb 10 2023 08:31:00 GMT-0300 (Horário Padrão de Brasília)
PENDING end: Fri Feb 10 2023 08:31:00 GMT-0300 (Horário Padrão de Brasília) - count: 0
PENDING start: Fri Feb 10 2023 08:32:00 GMT-0300 (Horário Padrão de Brasília)
PENDING end: Fri Feb 10 2023 08:32:00 GMT-0300 (Horário Padrão de Brasília) - count: 0
PENDING start: Fri Feb 10 2023 08:33:00 GMT-0300 (Horário Padrão de Brasília)
PENDING end: Fri Feb 10 2023 08:33:00 GMT-0300 (Horário Padrão de Brasília) - count: 0
PENDING start: Fri Feb 10 2023 08:34:00 GMT-0300 (Horário Padrão de Brasília)
PENDING end: Fri Feb 10 2023 08:34:00 GMT-0300 (Horário Padrão de Brasília) - count: 0
PENDING start: Fri Feb 10 2023 08:35:00 GMT-0300 (Horário Padrão de Brasília)
PENDING end: Fri Feb 10 2023 08:35:00 GMT-0300 (Horário Padrão de Brasília) - count: 0
PENDING start: Fri Feb 10 2023 08:36:00 GMT-0300 (Horário Padrão de Brasília)
PENDING end: Fri Feb 10 2023 08:36:00 GMT-0300 (Horário Padrão de Brasília) - count: 0
PENDING start: Fri Feb 10 2023 08:37:00 GMT-0300 (Horário Padrão de Brasília)
PENDING end: Fri Feb 10 2023 08:37:00 GMT-0300 (Horário Padrão de Brasília) - count: 0
PENDING start: Fri Feb 10 2023 08:38:00 GMT-0300 (Horário Padrão de Brasília)
PENDING end: Fri Feb 10 2023 08:38:00 GMT-0300 (Horário Padrão de Brasília) - count: 0
PENDING start: Fri Feb 10 2023 08:39:00 GMT-0300 (Horário Padrão de Brasília)
PENDING end: Fri Feb 10 2023 08:39:00 GMT-0300 (Horário Padrão de Brasília) - count: 0
PENDING start: Fri Feb 10 2023 08:40:00 GMT-0300 (Horário Padrão de Brasília)
PENDING end: Fri Feb 10 2023 08:40:00 GMT-0300 (Horário Padrão de Brasília) - count: 0
PENDING start: Fri Feb 10 2023 08:41:00 GMT-0300 (Horário Padrão de Brasília)
PENDING end: Fri Feb 10 2023 08:41:00 GMT-0300 (Horário Padrão de Brasília) - count: 0
PENDING start: Fri Feb 10 2023 08:42:00 GMT-0300 (Horário Padrão de Brasília)
PENDING end: Fri Feb 10 2023 08:42:00 GMT-0300 (Horário Padrão de Brasília) - count: 0
PENDING start: Fri Feb 10 2023 08:43:00 GMT-0300 (Horário Padrão de Brasília)
PENDING end: Fri Feb 10 2023 08:43:00 GMT-0300 (Horário Padrão de Brasília) - count: 0
PENDING start: Fri Feb 10 2023 08:44:00 GMT-0300 (Horário Padrão de Brasília)
PENDING end: Fri Feb 10 2023 08:44:00 GMT-0300 (Horário Padrão de Brasília) - count: 0
PENDING start: Fri Feb 10 2023 08:45:00 GMT-0300 (Horário Padrão de Brasília)
PENDING end: Fri Feb 10 2023 08:45:00 GMT-0300 (Horário Padrão de Brasília) - count: 0
PENDING start: Fri Feb 10 2023 08:46:00 GMT-0300 (Horário Padrão de Brasília)
PENDING end: Fri Feb 10 2023 08:46:00 GMT-0300 (Horário Padrão de Brasília) - count: 0
PENDING start: Fri Feb 10 2023 08:47:00 GMT-0300 (Horário Padrão de Brasília)
PENDING end: Fri Feb 10 2023 08:47:00 GMT-0300 (Horário Padrão de Brasília) - count: 0
PENDING start: Fri Feb 10 2023 08:48:00 GMT-0300 (Horário Padrão de Brasília)
PENDING end: Fri Feb 10 2023 08:48:00 GMT-0300 (Horário Padrão de Brasília) - count: 0
PENDING start: Fri Feb 10 2023 08:49:00 GMT-0300 (Horário Padrão de Brasília)
PENDING end: Fri Feb 10 2023 08:49:00 GMT-0300 (Horário Padrão de Brasília) - count: 0
PENDING start: Fri Feb 10 2023 08:50:00 GMT-0300 (Horário Padrão de Brasília)
PENDING end: Fri Feb 10 2023 08:50:00 GMT-0300 (Horário Padrão de Brasília) - count: 0
PENDING start: Fri Feb 10 2023 08:51:00 GMT-0300 (Horário Padrão de Brasília)
PENDING end: Fri Feb 10 2023 08:51:00 GMT-0300 (Horário Padrão de Brasília) - count: 0
PENDING start: Fri Feb 10 2023 08:52:00 GMT-0300 (Horário Padrão de Brasília)
PENDING end: Fri Feb 10 2023 08:52:00 GMT-0300 (Horário Padrão de Brasília) - count: 0
PENDING start: Fri Feb 10 2023 08:53:00 GMT-0300 (Horário Padrão de Brasília)
PENDING end: Fri Feb 10 2023 08:53:00 GMT-0300 (Horário Padrão de Brasília) - count: 0
PENDING start: Fri Feb 10 2023 08:54:00 GMT-0300 (Horário Padrão de Brasília)
PENDING end: Fri Feb 10 2023 08:54:00 GMT-0300 (Horário Padrão de Brasília) - count: 0
PENDING start: Fri Feb 10 2023 08:55:00 GMT-0300 (Horário Padrão de Brasília)
PENDING end: Fri Feb 10 2023 08:55:00 GMT-0300 (Horário Padrão de Brasília) - count: 0
PENDING start: Fri Feb 10 2023 08:56:00 GMT-0300 (Horário Padrão de Brasília)
PENDING end: Fri Feb 10 2023 08:56:00 GMT-0300 (Horário Padrão de Brasília) - count: 0
PENDING start: Fri Feb 10 2023 08:57:00 GMT-0300 (Horário Padrão de Brasília)
PENDING end: Fri Feb 10 2023 08:57:00 GMT-0300 (Horário Padrão de Brasília) - count: 0
PENDING start: Fri Feb 10 2023 08:58:00 GMT-0300 (Horário Padrão de Brasília)
PENDING end: Fri Feb 10 2023 08:58:00 GMT-0300 (Horário Padrão de Brasília) - count: 0
PENDING start: Fri Feb 10 2023 08:59:00 GMT-0300 (Horário Padrão de Brasília)
PENDING end: Fri Feb 10 2023 08:59:00 GMT-0300 (Horário Padrão de Brasília) - count: 0
PENDING start: Fri Feb 10 2023 09:00:00 GMT-0300 (Horário Padrão de Brasília)
FAILED start: Fri Feb 10 2023 09:00:00 GMT-0300 (Horário Padrão de Brasília)
PENDING end: Fri Feb 10 2023 09:00:00 GMT-0300 (Horário Padrão de Brasília) - count: 0
FAILED end: Fri Feb 10 2023 09:00:00 GMT-0300 (Horário Padrão de Brasília) - count: 0
PENDING start: Fri Feb 10 2023 09:01:00 GMT-0300 (Horário Padrão de Brasília)
PENDING end: Fri Feb 10 2023 09:01:00 GMT-0300 (Horário Padrão de Brasília) - count: 0
PENDING start: Fri Feb 10 2023 09:02:00 GMT-0300 (Horário Padrão de Brasília)
PENDING end: Fri Feb 10 2023 09:02:00 GMT-0300 (Horário Padrão de Brasília) - count: 0
PENDING start: Fri Feb 10 2023 09:03:00 GMT-0300 (Horário Padrão de Brasília)
PENDING end: Fri Feb 10 2023 09:03:00 GMT-0300 (Horário Padrão de Brasília) - count: 0
PENDING start: Fri Feb 10 2023 09:04:00 GMT-0300 (Horário Padrão de Brasília)
PENDING end: Fri Feb 10 2023 09:04:00 GMT-0300 (Horário Padrão de Brasília) - count: 0
PENDING start: Fri Feb 10 2023 09:05:00 GMT-0300 (Horário Padrão de Brasília)
PENDING end: Fri Feb 10 2023 09:05:00 GMT-0300 (Horário Padrão de Brasília) - count: 0
PENDING start: Fri Feb 10 2023 09:06:00 GMT-0300 (Horário Padrão de Brasília)
PENDING end: Fri Feb 10 2023 09:06:00 GMT-0300 (Horário Padrão de Brasília) - count: 0
PENDING start: Fri Feb 10 2023 09:07:00 GMT-0300 (Horário Padrão de Brasília)
PENDING end: Fri Feb 10 2023 09:07:00 GMT-0300 (Horário Padrão de Brasília) - count: 0
PENDING start: Fri Feb 10 2023 09:08:00 GMT-0300 (Horário Padrão de Brasília)
PENDING end: Fri Feb 10 2023 09:08:00 GMT-0300 (Horário Padrão de Brasília) - count: 0
PENDING start: Fri Feb 10 2023 09:09:00 GMT-0300 (Horário Padrão de Brasília)
PENDING end: Fri Feb 10 2023 09:09:00 GMT-0300 (Horário Padrão de Brasília) - count: 0
PENDING start: Fri Feb 10 2023 09:10:00 GMT-0300 (Horário Padrão de Brasília)
PENDING end: Fri Feb 10 2023 09:10:00 GMT-0300 (Horário Padrão de Brasília) - count: 0
PENDING start: Fri Feb 10 2023 09:11:00 GMT-0300 (Horário Padrão de Brasília)
PENDING end: Fri Feb 10 2023 09:11:00 GMT-0300 (Horário Padrão de Brasília) - count: 0
PENDING start: Fri Feb 10 2023 09:12:00 GMT-0300 (Horário Padrão de Brasília)
PENDING end: Fri Feb 10 2023 09:12:00 GMT-0300 (Horário Padrão de Brasília) - count: 0
PENDING start: Fri Feb 10 2023 09:13:00 GMT-0300 (Horário Padrão de Brasília)
PENDING end: Fri Feb 10 2023 09:13:00 GMT-0300 (Horário Padrão de Brasília) - count: 0
PENDING start: Fri Feb 10 2023 09:14:00 GMT-0300 (Horário Padrão de Brasília)
PENDING end: Fri Feb 10 2023 09:14:00 GMT-0300 (Horário Padrão de Brasília) - count: 0
PENDING start: Fri Feb 10 2023 09:15:00 GMT-0300 (Horário Padrão de Brasília)
PENDING end: Fri Feb 10 2023 09:15:00 GMT-0300 (Horário Padrão de Brasília) - count: 0
PENDING start: Fri Feb 10 2023 09:16:00 GMT-0300 (Horário Padrão de Brasília)
PENDING end: Fri Feb 10 2023 09:16:00 GMT-0300 (Horário Padrão de Brasília) - count: 0
PENDING start: Fri Feb 10 2023 09:17:00 GMT-0300 (Horário Padrão de Brasília)
PENDING end: Fri Feb 10 2023 09:17:00 GMT-0300 (Horário Padrão de Brasília) - count: 0
PENDING start: Fri Feb 10 2023 09:18:00 GMT-0300 (Horário Padrão de Brasília)
PENDING end: Fri Feb 10 2023 09:18:00 GMT-0300 (Horário Padrão de Brasília) - count: 0
PENDING start: Fri Feb 10 2023 09:19:00 GMT-0300 (Horário Padrão de Brasília)
PENDING end: Fri Feb 10 2023 09:19:00 GMT-0300 (Horário Padrão de Brasília) - count: 0
PENDING start: Fri Feb 10 2023 09:20:00 GMT-0300 (Horário Padrão de Brasília)
PENDING end: Fri Feb 10 2023 09:20:00 GMT-0300 (Horário Padrão de Brasília) - count: 0
PENDING start: Fri Feb 10 2023 09:21:00 GMT-0300 (Horário Padrão de Brasília)
PENDING end: Fri Feb 10 2023 09:21:00 GMT-0300 (Horário Padrão de Brasília) - count: 0
PENDING start: Fri Feb 10 2023 09:22:00 GMT-0300 (Horário Padrão de Brasília)
PENDING end: Fri Feb 10 2023 09:22:00 GMT-0300 (Horário Padrão de Brasília) - count: 0
PENDING start: Fri Feb 10 2023 09:23:00 GMT-0300 (Horário Padrão de Brasília)
PENDING end: Fri Feb 10 2023 09:23:00 GMT-0300 (Horário Padrão de Brasília) - count: 0
PENDING start: Fri Feb 10 2023 09:24:00 GMT-0300 (Horário Padrão de Brasília)
PENDING end: Fri Feb 10 2023 09:24:00 GMT-0300 (Horário Padrão de Brasília) - count: 0
PENDING start: Fri Feb 10 2023 09:25:00 GMT-0300 (Horário Padrão de Brasília)
PENDING end: Fri Feb 10 2023 09:25:00 GMT-0300 (Horário Padrão de Brasília) - count: 0
PENDING start: Fri Feb 10 2023 09:26:00 GMT-0300 (Horário Padrão de Brasília)
PENDING end: Fri Feb 10 2023 09:26:00 GMT-0300 (Horário Padrão de Brasília) - count: 0
PENDING start: Fri Feb 10 2023 09:27:00 GMT-0300 (Horário Padrão de Brasília)
PENDING end: Fri Feb 10 2023 09:27:00 GMT-0300 (Horário Padrão de Brasília) - count: 0
PENDING start: Fri Feb 10 2023 09:28:00 GMT-0300 (Horário Padrão de Brasília)
PENDING end: Fri Feb 10 2023 09:28:00 GMT-0300 (Horário Padrão de Brasília) - count: 0
PENDING start: Fri Feb 10 2023 09:29:00 GMT-0300 (Horário Padrão de Brasília)
PENDING end: Fri Feb 10 2023 09:29:00 GMT-0300 (Horário Padrão de Brasília) - count: 0
PENDING start: Fri Feb 10 2023 09:30:00 GMT-0300 (Horário Padrão de Brasília)
FAILED start: Fri Feb 10 2023 09:30:00 GMT-0300 (Horário Padrão de Brasília)
PENDING end: Fri Feb 10 2023 09:30:00 GMT-0300 (Horário Padrão de Brasília) - count: 0
FAILED end: Fri Feb 10 2023 09:30:00 GMT-0300 (Horário Padrão de Brasília) - count: 0
PENDING start: Fri Feb 10 2023 09:31:00 GMT-0300 (Horário Padrão de Brasília)
PENDING end: Fri Feb 10 2023 09:31:00 GMT-0300 (Horário Padrão de Brasília) - count: 0
PENDING start: Fri Feb 10 2023 09:32:00 GMT-0300 (Horário Padrão de Brasília)
PENDING end: Fri Feb 10 2023 09:32:00 GMT-0300 (Horário Padrão de Brasília) - count: 0
PENDING start: Fri Feb 10 2023 09:33:00 GMT-0300 (Horário Padrão de Brasília)
PENDING end: Fri Feb 10 2023 09:33:00 GMT-0300 (Horário Padrão de Brasília) - count: 0
PENDING start: Fri Feb 10 2023 09:34:00 GMT-0300 (Horário Padrão de Brasília)
PENDING end: Fri Feb 10 2023 09:34:00 GMT-0300 (Horário Padrão de Brasília) - count: 0
PENDING start: Fri Feb 10 2023 09:35:00 GMT-0300 (Horário Padrão de Brasília)
PENDING end: Fri Feb 10 2023 09:35:00 GMT-0300 (Horário Padrão de Brasília) - count: 0
PENDING start: Fri Feb 10 2023 09:36:00 GMT-0300 (Horário Padrão de Brasília)
PENDING end: Fri Feb 10 2023 09:36:00 GMT-0300 (Horário Padrão de Brasília) - count: 0
PENDING start: Fri Feb 10 2023 09:37:00 GMT-0300 (Horário Padrão de Brasília)
PENDING end: Fri Feb 10 2023 09:37:00 GMT-0300 (Horário Padrão de Brasília) - count: 0
PENDING start: Fri Feb 10 2023 09:38:00 GMT-0300 (Horário Padrão de Brasília)
PENDING end: Fri Feb 10 2023 09:38:00 GMT-0300 (Horário Padrão de Brasília) - count: 0
PENDING start: Fri Feb 10 2023 09:39:00 GMT-0300 (Horário Padrão de Brasília)
PENDING end: Fri Feb 10 2023 09:39:00 GMT-0300 (Horário Padrão de Brasília) - count: 0
PENDING start: Fri Feb 10 2023 09:40:00 GMT-0300 (Horário Padrão de Brasília)
PENDING end: Fri Feb 10 2023 09:40:00 GMT-0300 (Horário Padrão de Brasília) - count: 0
PENDING start: Fri Feb 10 2023 09:41:00 GMT-0300 (Horário Padrão de Brasília)
PENDING end: Fri Feb 10 2023 09:41:00 GMT-0300 (Horário Padrão de Brasília) - count: 0
PENDING start: Fri Feb 10 2023 09:42:00 GMT-0300 (Horário Padrão de Brasília)
PENDING end: Fri Feb 10 2023 09:42:00 GMT-0300 (Horário Padrão de Brasília) - count: 0
PENDING start: Fri Feb 10 2023 09:43:00 GMT-0300 (Horário Padrão de Brasília)
PENDING end: Fri Feb 10 2023 09:43:00 GMT-0300 (Horário Padrão de Brasília) - count: 0
PENDING start: Fri Feb 10 2023 09:44:00 GMT-0300 (Horário Padrão de Brasília)
PENDING end: Fri Feb 10 2023 09:44:00 GMT-0300 (Horário Padrão de Brasília) - count: 0
PENDING start: Fri Feb 10 2023 09:45:00 GMT-0300 (Horário Padrão de Brasília)
PENDING end: Fri Feb 10 2023 09:45:00 GMT-0300 (Horário Padrão de Brasília) - count: 0
PENDING start: Fri Feb 10 2023 09:47:00 GMT-0300 (Horário Padrão de Brasília)
PENDING end: Fri Feb 10 2023 09:47:00 GMT-0300 (Horário Padrão de Brasília) - count: 0
PENDING start: Fri Feb 10 2023 09:48:00 GMT-0300 (Horário Padrão de Brasília)
PENDING end: Fri Feb 10 2023 09:48:00 GMT-0300 (Horário Padrão de Brasília) - count: 0
PENDING start: Fri Feb 10 2023 09:49:00 GMT-0300 (Horário Padrão de Brasília)
PENDING end: Fri Feb 10 2023 09:49:00 GMT-0300 (Horário Padrão de Brasília) - count: 0
PENDING start: Fri Feb 10 2023 09:50:00 GMT-0300 (Horário Padrão de Brasília)
PENDING end: Fri Feb 10 2023 09:50:00 GMT-0300 (Horário Padrão de Brasília) - count: 0
PENDING start: Fri Feb 10 2023 09:51:00 GMT-0300 (Horário Padrão de Brasília)
PENDING end: Fri Feb 10 2023 09:51:00 GMT-0300 (Horário Padrão de Brasília) - count: 0
PENDING start: Fri Feb 10 2023 09:52:00 GMT-0300 (Horário Padrão de Brasília)
PENDING end: Fri Feb 10 2023 09:52:00 GMT-0300 (Horário Padrão de Brasília) - count: 0
PENDING start: Fri Feb 10 2023 09:53:00 GMT-0300 (Horário Padrão de Brasília)
PENDING end: Fri Feb 10 2023 09:53:00 GMT-0300 (Horário Padrão de Brasília) - count: 0
Fri Feb 10 2023 09:53:16 GMT-0300 (Horário Padrão de Brasília) - WS: connection ID:9b78d531-4362-4247-9bb0-24ba8dbf43b7
Fri Feb 10 2023 09:53:16 GMT-0300 (Horário Padrão de Brasília) - WS: message ID:9b78d531-4362-4247-9bb0-24ba8dbf43b7 - MESSAGE: to=suporte@sysprodata.com.br;template=Protocolo_Empresa;subject=Bem vindo a Syspro !
PENDING start: Fri Feb 10 2023 09:54:00 GMT-0300 (Horário Padrão de Brasília)
PENDING end: Fri Feb 10 2023 09:54:00 GMT-0300 (Horário Padrão de Brasília) - count: 1
PENDING start: Fri Feb 10 2023 09:55:00 GMT-0300 (Horário Padrão de Brasília)
PENDING end: Fri Feb 10 2023 09:55:00 GMT-0300 (Horário Padrão de Brasília) - count: 0
PENDING start: Fri Feb 10 2023 09:56:00 GMT-0300 (Horário Padrão de Brasília)
PENDING end: Fri Feb 10 2023 09:56:00 GMT-0300 (Horário Padrão de Brasília) - count: 0
Fri Feb 10 2023 09:56:24 GMT-0300 (Horário Padrão de Brasília) - WS: connection ID:c8f023e8-2118-4498-9be2-0f5b36d99cf3
Fri Feb 10 2023 09:56:24 GMT-0300 (Horário Padrão de Brasília) - WS: message ID:c8f023e8-2118-4498-9be2-0f5b36d99cf3 - MESSAGE: to=dev@sysprocard.com.br;template=Protocolo_Empresa;subject=Bem vindo a Syspro !
PENDING start: Fri Feb 10 2023 09:57:00 GMT-0300 (Horário Padrão de Brasília)
PENDING end: Fri Feb 10 2023 09:57:00 GMT-0300 (Horário Padrão de Brasília) - count: 1
PENDING start: Fri Feb 10 2023 09:58:00 GMT-0300 (Horário Padrão de Brasília)
PENDING end: Fri Feb 10 2023 09:58:00 GMT-0300 (Horário Padrão de Brasília) - count: 0
