PENDING start: Thu Jan 26 2023 09:06:00 GMT-0300 (Horário Padrão de Brasília)
PENDING end: Thu Jan 26 2023 09:06:00 GMT-0300 (Horário Padrão de Brasília) - count: 0


PENDING start: Thu Jan 26 2023 09:07:00 GMT-0300 (Horário Padrão de Brasília)
PENDING end: Thu Jan 26 2023 09:07:00 GMT-0300 (Horário Padrão de Brasília) - count: 0
PENDING start: Thu Jan 26 2023 09:08:00 GMT-0300 (Horário Padrão de Brasília)
PENDING end: Thu Jan 26 2023 09:08:00 GMT-0300 (Horário Padrão de Brasília) - count: 0
PENDING start: Thu Jan 26 2023 09:09:00 GMT-0300 (Horário Padrão de Brasília)
PENDING end: Thu Jan 26 2023 09:09:00 GMT-0300 (Horário Padrão de Brasília) - count: 0
PENDING start: Thu Jan 26 2023 09:10:00 GMT-0300 (Horário Padrão de Brasília)
PENDING end: Thu Jan 26 2023 09:10:00 GMT-0300 (Horário Padrão de Brasília) - count: 0
PENDING start: Thu Jan 26 2023 09:11:00 GMT-0300 (Horário Padrão de Brasília)
PENDING end: Thu Jan 26 2023 09:11:00 GMT-0300 (Horário Padrão de Brasília) - count: 0
PENDING start: Thu Jan 26 2023 09:12:00 GMT-0300 (Horário Padrão de Brasília)
PENDING end: Thu Jan 26 2023 09:12:00 GMT-0300 (Horário Padrão de Brasília) - count: 0
PENDING start: Thu Jan 26 2023 09:13:00 GMT-0300 (Horário Padrão de Brasília)
PENDING end: Thu Jan 26 2023 09:13:00 GMT-0300 (Horário Padrão de Brasília) - count: 0
PENDING start: Thu Jan 26 2023 09:14:00 GMT-0300 (Horário Padrão de Brasília)
PENDING end: Thu Jan 26 2023 09:14:00 GMT-0300 (Horário Padrão de Brasília) - count: 0
PENDING start: Thu Jan 26 2023 09:15:00 GMT-0300 (Horário Padrão de Brasília)
PENDING end: Thu Jan 26 2023 09:15:00 GMT-0300 (Horário Padrão de Brasília) - count: 0
PENDING start: Thu Jan 26 2023 09:16:00 GMT-0300 (Horário Padrão de Brasília)
PENDING end: Thu Jan 26 2023 09:16:00 GMT-0300 (Horário Padrão de Brasília) - count: 0
PENDING start: Thu Jan 26 2023 09:17:00 GMT-0300 (Horário Padrão de Brasília)
PENDING end: Thu Jan 26 2023 09:17:00 GMT-0300 (Horário Padrão de Brasília) - count: 0
PENDING start: Thu Jan 26 2023 09:18:00 GMT-0300 (Horário Padrão de Brasília)
PENDING end: Thu Jan 26 2023 09:18:00 GMT-0300 (Horário Padrão de Brasília) - count: 0
PENDING start: Thu Jan 26 2023 09:19:00 GMT-0300 (Horário Padrão de Brasília)
PENDING end: Thu Jan 26 2023 09:19:00 GMT-0300 (Horário Padrão de Brasília) - count: 0
PENDING start: Thu Jan 26 2023 09:20:00 GMT-0300 (Horário Padrão de Brasília)
PENDING end: Thu Jan 26 2023 09:20:00 GMT-0300 (Horário Padrão de Brasília) - count: 0
PENDING start: Thu Jan 26 2023 09:21:00 GMT-0300 (Horário Padrão de Brasília)
PENDING end: Thu Jan 26 2023 09:21:00 GMT-0300 (Horário Padrão de Brasília) - count: 0
PENDING start: Thu Jan 26 2023 09:22:00 GMT-0300 (Horário Padrão de Brasília)
PENDING end: Thu Jan 26 2023 09:22:00 GMT-0300 (Horário Padrão de Brasília) - count: 0
PENDING start: Thu Jan 26 2023 09:23:00 GMT-0300 (Horário Padrão de Brasília)
PENDING end: Thu Jan 26 2023 09:23:00 GMT-0300 (Horário Padrão de Brasília) - count: 0
PENDING start: Thu Jan 26 2023 09:24:00 GMT-0300 (Horário Padrão de Brasília)
PENDING end: Thu Jan 26 2023 09:24:00 GMT-0300 (Horário Padrão de Brasília) - count: 0
PENDING start: Thu Jan 26 2023 09:25:00 GMT-0300 (Horário Padrão de Brasília)
PENDING end: Thu Jan 26 2023 09:25:00 GMT-0300 (Horário Padrão de Brasília) - count: 0
PENDING start: Thu Jan 26 2023 09:26:00 GMT-0300 (Horário Padrão de Brasília)
PENDING end: Thu Jan 26 2023 09:26:00 GMT-0300 (Horário Padrão de Brasília) - count: 0
PENDING start: Thu Jan 26 2023 09:27:00 GMT-0300 (Horário Padrão de Brasília)
PENDING end: Thu Jan 26 2023 09:27:00 GMT-0300 (Horário Padrão de Brasília) - count: 0
PENDING start: Thu Jan 26 2023 09:28:00 GMT-0300 (Horário Padrão de Brasília)
PENDING end: Thu Jan 26 2023 09:28:00 GMT-0300 (Horário Padrão de Brasília) - count: 0
PENDING start: Thu Jan 26 2023 09:29:00 GMT-0300 (Horário Padrão de Brasília)
PENDING end: Thu Jan 26 2023 09:29:00 GMT-0300 (Horário Padrão de Brasília) - count: 0
PENDING start: Thu Jan 26 2023 09:35:00 GMT-0300 (Horário Padrão de Brasília)
PENDING end: Thu Jan 26 2023 09:35:00 GMT-0300 (Horário Padrão de Brasília) - count: 0
PENDING start: Thu Jan 26 2023 09:36:00 GMT-0300 (Horário Padrão de Brasília)
PENDING end: Thu Jan 26 2023 09:36:00 GMT-0300 (Horário Padrão de Brasília) - count: 0
Thu Jan 26 2023 09:39:24 GMT-0300 (Horário Padrão de Brasília) - WS: connection ID:438c2dfc-3755-485f-afcf-148ba9f33dad
Thu Jan 26 2023 09:39:47 GMT-0300 (Horário Padrão de Brasília) - WS: message ID:438c2dfc-3755-485f-afcf-148ba9f33dad - MESSAGE: ola
PENDING start: Thu Jan 26 2023 09:40:00 GMT-0300 (Horário Padrão de Brasília)
PENDING end: Thu Jan 26 2023 09:40:00 GMT-0300 (Horário Padrão de Brasília) - count: 0
Thu Jan 26 2023 09:40:18 GMT-0300 (Horário Padrão de Brasília) - WS: connection ID:3f254d8a-fd46-4516-bb17-dbc7761f38e9
Thu Jan 26 2023 09:40:20 GMT-0300 (Horário Padrão de Brasília) - WS: message ID:3f254d8a-fd46-4516-bb17-dbc7761f38e9 - MESSAGE: ola
Thu Jan 26 2023 09:40:28 GMT-0300 (Horário Padrão de Brasília) - WS: connection ID:1b1be76c-bd48-494a-92fe-6d1ad716b50e
Thu Jan 26 2023 09:40:30 GMT-0300 (Horário Padrão de Brasília) - WS: message ID:1b1be76c-bd48-494a-92fe-6d1ad716b50e - MESSAGE: ola
Thu Jan 26 2023 09:40:49 GMT-0300 (Horário Padrão de Brasília) - WS: connection ID:ede8df9d-b495-48a9-9723-f9429b56863f
Thu Jan 26 2023 09:40:50 GMT-0300 (Horário Padrão de Brasília) - WS: message ID:ede8df9d-b495-48a9-9723-f9429b56863f - MESSAGE: ola
PENDING start: Thu Jan 26 2023 09:41:00 GMT-0300 (Horário Padrão de Brasília)
PENDING end: Thu Jan 26 2023 09:41:00 GMT-0300 (Horário Padrão de Brasília) - count: 0
Thu Jan 26 2023 09:41:59 GMT-0300 (Horário Padrão de Brasília) - WS: connection ID:3b103c65-5419-4924-8dbe-78511123df0b
PENDING start: Thu Jan 26 2023 09:42:00 GMT-0300 (Horário Padrão de Brasília)
PENDING end: Thu Jan 26 2023 09:42:00 GMT-0300 (Horário Padrão de Brasília) - count: 0
Thu Jan 26 2023 09:42:00 GMT-0300 (Horário Padrão de Brasília) - WS: message ID:3b103c65-5419-4924-8dbe-78511123df0b - MESSAGE: ola
Thu Jan 26 2023 09:42:37 GMT-0300 (Horário Padrão de Brasília) - WS: connection ID:1b7b1d67-816d-4be8-829e-39f45c5590aa
Thu Jan 26 2023 09:42:38 GMT-0300 (Horário Padrão de Brasília) - WS: message ID:1b7b1d67-816d-4be8-829e-39f45c5590aa - MESSAGE: ola
PENDING start: Thu Jan 26 2023 09:43:00 GMT-0300 (Horário Padrão de Brasília)
PENDING end: Thu Jan 26 2023 09:43:00 GMT-0300 (Horário Padrão de Brasília) - count: 0
PENDING start: Thu Jan 26 2023 09:44:00 GMT-0300 (Horário Padrão de Brasília)
PENDING end: Thu Jan 26 2023 09:44:00 GMT-0300 (Horário Padrão de Brasília) - count: 0
PENDING start: Thu Jan 26 2023 09:45:00 GMT-0300 (Horário Padrão de Brasília)
PENDING end: Thu Jan 26 2023 09:45:00 GMT-0300 (Horário Padrão de Brasília) - count: 0
PENDING start: Thu Jan 26 2023 09:46:00 GMT-0300 (Horário Padrão de Brasília)
PENDING end: Thu Jan 26 2023 09:46:00 GMT-0300 (Horário Padrão de Brasília) - count: 0
PENDING start: Thu Jan 26 2023 09:47:00 GMT-0300 (Horário Padrão de Brasília)
PENDING end: Thu Jan 26 2023 09:47:00 GMT-0300 (Horário Padrão de Brasília) - count: 0
PENDING start: Thu Jan 26 2023 09:48:00 GMT-0300 (Horário Padrão de Brasília)
PENDING end: Thu Jan 26 2023 09:48:00 GMT-0300 (Horário Padrão de Brasília) - count: 0
PENDING start: Thu Jan 26 2023 09:49:00 GMT-0300 (Horário Padrão de Brasília)
PENDING end: Thu Jan 26 2023 09:49:00 GMT-0300 (Horário Padrão de Brasília) - count: 0
PENDING start: Thu Jan 26 2023 09:50:00 GMT-0300 (Horário Padrão de Brasília)
PENDING end: Thu Jan 26 2023 09:50:00 GMT-0300 (Horário Padrão de Brasília) - count: 0
PENDING start: Thu Jan 26 2023 09:51:00 GMT-0300 (Horário Padrão de Brasília)
PENDING end: Thu Jan 26 2023 09:51:00 GMT-0300 (Horário Padrão de Brasília) - count: 0
PENDING start: Thu Jan 26 2023 09:52:00 GMT-0300 (Horário Padrão de Brasília)
PENDING end: Thu Jan 26 2023 09:52:00 GMT-0300 (Horário Padrão de Brasília) - count: 0
PENDING start: Thu Jan 26 2023 09:54:00 GMT-0300 (Horário Padrão de Brasília)
PENDING end: Thu Jan 26 2023 09:54:00 GMT-0300 (Horário Padrão de Brasília) - count: 0
PENDING start: Thu Jan 26 2023 09:55:00 GMT-0300 (Horário Padrão de Brasília)
PENDING end: Thu Jan 26 2023 09:55:00 GMT-0300 (Horário Padrão de Brasília) - count: 0
PENDING start: Thu Jan 26 2023 09:56:00 GMT-0300 (Horário Padrão de Brasília)
PENDING end: Thu Jan 26 2023 09:56:00 GMT-0300 (Horário Padrão de Brasília) - count: 0
PENDING start: Thu Jan 26 2023 09:57:00 GMT-0300 (Horário Padrão de Brasília)
PENDING end: Thu Jan 26 2023 09:57:00 GMT-0300 (Horário Padrão de Brasília) - count: 0
PENDING start: Thu Jan 26 2023 09:58:00 GMT-0300 (Horário Padrão de Brasília)
PENDING end: Thu Jan 26 2023 09:58:00 GMT-0300 (Horário Padrão de Brasília) - count: 0
PENDING start: Thu Jan 26 2023 09:59:00 GMT-0300 (Horário Padrão de Brasília)
PENDING end: Thu Jan 26 2023 09:59:00 GMT-0300 (Horário Padrão de Brasília) - count: 0
FAILED start: Thu Jan 26 2023 10:00:00 GMT-0300 (Horário Padrão de Brasília)
PENDING start: Thu Jan 26 2023 10:00:00 GMT-0300 (Horário Padrão de Brasília)
FAILED end: Thu Jan 26 2023 10:00:00 GMT-0300 (Horário Padrão de Brasília) - count: 0
PENDING end: Thu Jan 26 2023 10:00:00 GMT-0300 (Horário Padrão de Brasília) - count: 0
PENDING start: Thu Jan 26 2023 10:01:00 GMT-0300 (Horário Padrão de Brasília)
PENDING end: Thu Jan 26 2023 10:01:00 GMT-0300 (Horário Padrão de Brasília) - count: 0
PENDING start: Thu Jan 26 2023 10:02:00 GMT-0300 (Horário Padrão de Brasília)
PENDING end: Thu Jan 26 2023 10:02:00 GMT-0300 (Horário Padrão de Brasília) - count: 0
PENDING start: Thu Jan 26 2023 10:03:00 GMT-0300 (Horário Padrão de Brasília)
PENDING end: Thu Jan 26 2023 10:03:00 GMT-0300 (Horário Padrão de Brasília) - count: 0
PENDING start: Thu Jan 26 2023 10:04:00 GMT-0300 (Horário Padrão de Brasília)
PENDING end: Thu Jan 26 2023 10:04:00 GMT-0300 (Horário Padrão de Brasília) - count: 0
PENDING start: Thu Jan 26 2023 10:05:00 GMT-0300 (Horário Padrão de Brasília)
PENDING end: Thu Jan 26 2023 10:05:00 GMT-0300 (Horário Padrão de Brasília) - count: 0
Thu Jan 26 2023 10:05:25 GMT-0300 (Horário Padrão de Brasília) - WS: connection ID:5008659d-3239-48de-86df-4cd03f0a6293
Thu Jan 26 2023 10:05:27 GMT-0300 (Horário Padrão de Brasília) - WS: message ID:5008659d-3239-48de-86df-4cd03f0a6293 - MESSAGE: to=dev@sysprocard.com.br;template=aprovado;subject=Assunto
Thu Jan 26 2023 10:05:45 GMT-0300 (Horário Padrão de Brasília) - WS: connection ID:51d981d8-85a5-4d86-8e1c-0ec5de1d3a0f
Thu Jan 26 2023 10:05:46 GMT-0300 (Horário Padrão de Brasília) - WS: message ID:51d981d8-85a5-4d86-8e1c-0ec5de1d3a0f - MESSAGE: to=dev@sysprocard.com.br;template=aprovado;subject=Assunto
Thu Jan 26 2023 10:05:56 GMT-0300 (Horário Padrão de Brasília) - WS: connection ID:a7b59446-e77d-49ab-b3f7-96097f9660ed
Thu Jan 26 2023 10:05:57 GMT-0300 (Horário Padrão de Brasília) - WS: message ID:a7b59446-e77d-49ab-b3f7-96097f9660ed - MESSAGE: to=dev@sysprocard.com.br;template=aprovado;subject=Assunto
Thu Jan 26 2023 10:06:05 GMT-0300 (Horário Padrão de Brasília) - WS: connection ID:959c1a89-6a34-426a-ac0d-deb34eb0b6b3
Thu Jan 26 2023 10:06:06 GMT-0300 (Horário Padrão de Brasília) - WS: message ID:959c1a89-6a34-426a-ac0d-deb34eb0b6b3 - MESSAGE: to=dev@sysprocard.com.br;template=aprovado;subject=Assunto
Thu Jan 26 2023 10:06:39 GMT-0300 (Horário Padrão de Brasília) - WS: connection ID:84773ef6-ff97-4640-a0a2-93000af03b3a
Thu Jan 26 2023 10:06:41 GMT-0300 (Horário Padrão de Brasília) - WS: message ID:84773ef6-ff97-4640-a0a2-93000af03b3a - MESSAGE: to=dev@sysprocard.com.br;template=aprovado;subject=Assunto
Thu Jan 26 2023 10:06:53 GMT-0300 (Horário Padrão de Brasília) - WS: connection ID:767c09e4-991c-4d58-bb41-c10b373646f6
Thu Jan 26 2023 10:06:55 GMT-0300 (Horário Padrão de Brasília) - WS: message ID:767c09e4-991c-4d58-bb41-c10b373646f6 - MESSAGE: to=dev@sysprocard.com.br;template=aprovado;subject=Assunto
Thu Jan 26 2023 10:07:31 GMT-0300 (Horário Padrão de Brasília) - WS: connection ID:1648f6ba-afe6-461a-98fb-c4e99d3af20c
Thu Jan 26 2023 10:07:31 GMT-0300 (Horário Padrão de Brasília) - WS: message ID:1648f6ba-afe6-461a-98fb-c4e99d3af20c - MESSAGE: to=dev@sysprocard.com.br;template=aprovado;subject=Assunto
Thu Jan 26 2023 10:08:04 GMT-0300 (Horário Padrão de Brasília) - WS: connection ID:95e22c0a-2dec-4826-ae69-9afa2052f931
Thu Jan 26 2023 10:08:05 GMT-0300 (Horário Padrão de Brasília) - WS: message ID:95e22c0a-2dec-4826-ae69-9afa2052f931 - MESSAGE: to=dev@sysprocard.com.br;template=aprovado;subject=Assunto
PENDING start: Thu Jan 26 2023 10:09:00 GMT-0300 (Horário Padrão de Brasília)
PENDING end: Thu Jan 26 2023 10:09:00 GMT-0300 (Horário Padrão de Brasília) - count: 0
PENDING start: Thu Jan 26 2023 10:10:00 GMT-0300 (Horário Padrão de Brasília)
PENDING end: Thu Jan 26 2023 10:10:00 GMT-0300 (Horário Padrão de Brasília) - count: 0
Thu Jan 26 2023 10:10:28 GMT-0300 (Horário Padrão de Brasília) - WS: connection ID:104a9906-b437-49ae-b44b-355af45a2558
Thu Jan 26 2023 10:10:29 GMT-0300 (Horário Padrão de Brasília) - WS: message ID:104a9906-b437-49ae-b44b-355af45a2558 - MESSAGE: to=dev@sysprocard.com.br;template=aprovado;subject=Assunto
Thu Jan 26 2023 10:11:18 GMT-0300 (Horário Padrão de Brasília) - WS: connection ID:6c1d8460-d283-4370-8036-50d1f49d14d5
Thu Jan 26 2023 10:11:18 GMT-0300 (Horário Padrão de Brasília) - WS: message ID:6c1d8460-d283-4370-8036-50d1f49d14d5 - MESSAGE: to=dev@sysprocard.com.br;template=aprovado;subject=Assunto
Thu Jan 26 2023 10:11:55 GMT-0300 (Horário Padrão de Brasília) - WS: connection ID:93e37688-451f-415e-84e4-3c5001e45554
Thu Jan 26 2023 10:11:56 GMT-0300 (Horário Padrão de Brasília) - WS: message ID:93e37688-451f-415e-84e4-3c5001e45554 - MESSAGE: to=dev@sysprocard.com.br;template=aprovado;subject=Assunto
Thu Jan 26 2023 10:12:24 GMT-0300 (Horário Padrão de Brasília) - WS: connection ID:6b170bbf-6a9c-41f4-9ebd-db982ead4cb0
Thu Jan 26 2023 10:12:25 GMT-0300 (Horário Padrão de Brasília) - WS: message ID:6b170bbf-6a9c-41f4-9ebd-db982ead4cb0 - MESSAGE: to=dev@sysprocard.com.br;template=aprovado;subject=Assunto
Thu Jan 26 2023 10:12:54 GMT-0300 (Horário Padrão de Brasília) - WS: connection ID:45f0a48f-5f0f-48c5-b584-d9da8c61c5c1
Thu Jan 26 2023 10:12:55 GMT-0300 (Horário Padrão de Brasília) - WS: message ID:45f0a48f-5f0f-48c5-b584-d9da8c61c5c1 - MESSAGE: to=dev@sysprocard.com.br;template=aprovado;subject=Assunto
Thu Jan 26 2023 10:12:58 GMT-0300 (Horário Padrão de Brasília) - WS: message ID:45f0a48f-5f0f-48c5-b584-d9da8c61c5c1 - MESSAGE: to=dev@sysprocard.com.br;template=aprovado;subject=Assunto
PENDING start: Thu Jan 26 2023 10:13:00 GMT-0300 (Horário Padrão de Brasília)
PENDING end: Thu Jan 26 2023 10:13:00 GMT-0300 (Horário Padrão de Brasília) - count: 0
Thu Jan 26 2023 10:13:16 GMT-0300 (Horário Padrão de Brasília) - WS: connection ID:210e5e06-3a3e-4e89-b5af-78feceb1bbcb
Thu Jan 26 2023 10:13:18 GMT-0300 (Horário Padrão de Brasília) - WS: message ID:210e5e06-3a3e-4e89-b5af-78feceb1bbcb - MESSAGE: to=dev@sysprocard.com.br;template=aprovado;subject=Assunto
Thu Jan 26 2023 10:13:49 GMT-0300 (Horário Padrão de Brasília) - WS: connection ID:37b9aa0e-2af6-4e6f-9e6f-0f72e6a45ca8
Thu Jan 26 2023 10:13:51 GMT-0300 (Horário Padrão de Brasília) - WS: message ID:37b9aa0e-2af6-4e6f-9e6f-0f72e6a45ca8 - MESSAGE: to=dev@sysprocard.com.br;template=aprovado;subject=Assunto
PENDING start: Thu Jan 26 2023 10:14:00 GMT-0300 (Horário Padrão de Brasília)
PENDING end: Thu Jan 26 2023 10:14:00 GMT-0300 (Horário Padrão de Brasília) - count: 1
Thu Jan 26 2023 10:14:04 GMT-0300 (Horário Padrão de Brasília) - WS: connection ID:1e1a60da-e418-4853-bd8b-b6d49f40ef69
Thu Jan 26 2023 10:14:05 GMT-0300 (Horário Padrão de Brasília) - WS: message ID:1e1a60da-e418-4853-bd8b-b6d49f40ef69 - MESSAGE: to=dev@sysprocard.com.br;template=aprovado;subject=Assunto
